<?xml version="1.0" encoding="UTF-8"?>
<!-- Generated by org.testng.reporters.JUnitXMLReporter -->
<testsuite ignored="0" hostname="DESKTOP-9P46VH6" failures="0" tests="5" name="Surefire test" time="73.095" errors="0" timestamp="2023-11-02T02:39:32 IST">
  <testcase classname="TestClasses.LoginTest" name="testLogin" time="12.459"/>
  <testcase classname="TestClasses.LoginTest" name="testLogin" time="10.217"/>
  <testcase classname="TestClasses.LoginTest" name="testLogin" time="8.557"/>
  <testcase classname="TestClasses.SecondTest" name="testNumberTwo" time="9.452"/>
  <testcase classname="TestClasses.ThirdTest" name="testNumberThree" time="25.32"/>
</testsuite> <!-- Surefire test -->
