<?xml version="1.0" encoding="UTF-8"?>
<!-- Generated by org.testng.reporters.JUnitXMLReporter -->
<testsuite ignored="0" hostname="DESKTOP-9P46VH6" failures="0" tests="3" name="Test1" time="57.11" errors="0" timestamp="2023-11-02T05:15:35 IST">
  <testcase classname="TestClasses.LoginTest" name="testLogin" time="12.927"/>
  <testcase classname="TestClasses.LoginTest" name="testLogin" time="21.598"/>
  <testcase classname="TestClasses.LoginTest" name="testLogin" time="13.573"/>
</testsuite> <!-- Test1 -->
