<?xml version="1.0" encoding="UTF-8"?>
<!-- Generated by org.testng.reporters.JUnitXMLReporter -->
<testsuite ignored="0" hostname="DESKTOP-9P46VH6" failures="0" tests="5" name="Test" time="67.959" errors="0" timestamp="2023-11-02T02:43:58 IST">
  <testcase classname="TestClasses.SecondTest" name="testNumberTwo" time="9.199"/>
  <testcase classname="TestClasses.LoginTest" name="testLogin" time="27.168"/>
  <testcase classname="TestClasses.LoginTest" name="testLogin" time="6.678"/>
  <testcase classname="TestClasses.LoginTest" name="testLogin" time="7.294"/>
  <testcase classname="TestClasses.ThirdTest" name="testNumberThree" time="14.957"/>
</testsuite> <!-- Test -->
