<?xml version="1.0" encoding="UTF-8"?>
<testsuite xmlns:xsi="http://www.w3.org/2001/XMLSchema-instance" xsi:noNamespaceSchemaLocation="https://maven.apache.org/surefire/maven-surefire-plugin/xsd/surefire-test-report-3.0.xsd" version="3.0" name="TestSuite" time="69.075" tests="5" errors="0" skipped="0" failures="0">
  <properties>
[...]
</properties>
  <testcase name="testNumberTwo" classname="TestClasses.SecondTest" time="9.2">
    <system-out><![CDATA[Google
]]></system-out>
    <system-err><![CDATA[SLF4J: Failed to load class "org.slf4j.impl.StaticLoggerBinder".
SLF4J: Defaulting to no-operation (NOP) logger implementation
SLF4J: See http://www.slf4j.org/codes.html#StaticLoggerBinder for further details.
]]></system-err>
  </testcase>
  <testcase name="testLogin[gkrishnaprasaddev@gmail.com, javacarrier@321, Fail](1)" classname="TestClasses.LoginTest" time="27.169">
    <system-err><![CDATA[ERROR StatusLogger Log4j2 could not find a logging implementation. Please add log4j-core to the classpath. Using SimpleLogger to log to the console...
]]></system-err>
  </testcase>
  <testcase name="testLogin[phaniatw33@gmail.com, atw@123, Success](2)" classname="TestClasses.LoginTest" time="6.679"/>
  <testcase name="testLogin[krishnaprasad.gadipally@gmail.com, Krishnaprasadjava@123, Fail](3)" classname="TestClasses.LoginTest" time="7.294"/>
  <testcase name="testNumberThree" classname="TestClasses.ThirdTest" time="14.959">
    <system-out><![CDATA[YouTube
]]></system-out>
  </testcase>
</testsuite>