<?xml version="1.0" encoding="UTF-8"?>
<testng-results ignored="0" total="5" passed="5" failed="0" skipped="0">
  <reporter-output>
  </reporter-output>
  <suite started-at="2023-11-02T02:42:51 IST" name="Suite" finished-at="2023-11-02T02:43:58 IST" duration-ms="67959">
    <groups>
    </groups>
    <test started-at="2023-11-02T02:42:51 IST" name="Test" finished-at="2023-11-02T02:43:58 IST" duration-ms="67959">
      <class name="TestClasses.LoginTest">
        <test-method signature="testLogin(java.lang.String,java.lang.String,java.lang.String)[pri:0, instance:TestClasses.LoginTest@7674f035]" started-at="2023-11-02T02:43:01 IST" name="testLogin" data-provider="provideData" finished-at="2023-11-02T02:43:28 IST" duration-ms="27168" status="PASS">
          <params>
            <param index="0">
              <value>
                <![CDATA[gkrishnaprasaddev@gmail.com]]>
              </value>
            </param>
            <param index="1">
              <value>
                <![CDATA[javacarrier@321]]>
              </value>
            </param>
            <param index="2">
              <value>
                <![CDATA[Fail]]>
              </value>
            </param>
          </params>
          <reporter-output>
          </reporter-output>
        </test-method> <!-- testLogin -->
        <test-method is-config="true" signature="closure()[pri:0, instance:TestClasses.LoginTest@7674f035]" started-at="2023-11-02T02:43:28 IST" name="closure" finished-at="2023-11-02T02:43:29 IST" duration-ms="274" status="PASS">
          <reporter-output>
          </reporter-output>
        </test-method> <!-- closure -->
        <test-method signature="testLogin(java.lang.String,java.lang.String,java.lang.String)[pri:0, instance:TestClasses.LoginTest@7674f035]" started-at="2023-11-02T02:43:29 IST" name="testLogin" data-provider="provideData" finished-at="2023-11-02T02:43:35 IST" duration-ms="6678" status="PASS">
          <params>
            <param index="0">
              <value>
                <![CDATA[phaniatw33@gmail.com]]>
              </value>
            </param>
            <param index="1">
              <value>
                <![CDATA[atw@123]]>
              </value>
            </param>
            <param index="2">
              <value>
                <![CDATA[Success]]>
              </value>
            </param>
          </params>
          <reporter-output>
          </reporter-output>
        </test-method> <!-- testLogin -->
        <test-method is-config="true" signature="closure()[pri:0, instance:TestClasses.LoginTest@7674f035]" started-at="2023-11-02T02:43:35 IST" name="closure" finished-at="2023-11-02T02:43:36 IST" duration-ms="341" status="PASS">
          <reporter-output>
          </reporter-output>
        </test-method> <!-- closure -->
        <test-method signature="testLogin(java.lang.String,java.lang.String,java.lang.String)[pri:0, instance:TestClasses.LoginTest@7674f035]" started-at="2023-11-02T02:43:36 IST" name="testLogin" data-provider="provideData" finished-at="2023-11-02T02:43:43 IST" duration-ms="7294" status="PASS">
          <params>
            <param index="0">
              <value>
                <![CDATA[krishnaprasad.gadipally@gmail.com]]>
              </value>
            </param>
            <param index="1">
              <value>
                <![CDATA[Krishnaprasadjava@123]]>
              </value>
            </param>
            <param index="2">
              <value>
                <![CDATA[Fail]]>
              </value>
            </param>
          </params>
          <reporter-output>
          </reporter-output>
        </test-method> <!-- testLogin -->
        <test-method is-config="true" signature="closure()[pri:0, instance:TestClasses.LoginTest@7674f035]" started-at="2023-11-02T02:43:43 IST" name="closure" finished-at="2023-11-02T02:43:43 IST" duration-ms="161" status="PASS">
          <reporter-output>
          </reporter-output>
        </test-method> <!-- closure -->
      </class> <!-- TestClasses.LoginTest -->
      <class name="TestClasses.SecondTest">
        <test-method signature="testNumberTwo()[pri:0, instance:TestClasses.SecondTest@121314f7]" started-at="2023-11-02T02:42:51 IST" name="testNumberTwo" finished-at="2023-11-02T02:43:00 IST" duration-ms="9199" status="PASS">
          <reporter-output>
          </reporter-output>
        </test-method> <!-- testNumberTwo -->
        <test-method is-config="true" signature="closure()[pri:0, instance:TestClasses.SecondTest@121314f7]" started-at="2023-11-02T02:43:00 IST" name="closure" finished-at="2023-11-02T02:43:00 IST" duration-ms="244" status="PASS">
          <reporter-output>
          </reporter-output>
        </test-method> <!-- closure -->
      </class> <!-- TestClasses.SecondTest -->
      <class name="TestClasses.ThirdTest">
        <test-method signature="testNumberThree()[pri:0, instance:TestClasses.ThirdTest@69e153c5]" started-at="2023-11-02T02:43:43 IST" name="testNumberThree" finished-at="2023-11-02T02:43:58 IST" duration-ms="14957" status="PASS">
          <reporter-output>
          </reporter-output>
        </test-method> <!-- testNumberThree -->
        <test-method is-config="true" signature="closure()[pri:0, instance:TestClasses.ThirdTest@69e153c5]" started-at="2023-11-02T02:43:58 IST" name="closure" finished-at="2023-11-02T02:43:58 IST" duration-ms="535" status="PASS">
          <reporter-output>
          </reporter-output>
        </test-method> <!-- closure -->
      </class> <!-- TestClasses.ThirdTest -->
    </test> <!-- Test -->
  </suite> <!-- Suite -->
</testng-results>
